This is pdfTeX, Version 3.14159265-2.6-1.40.16 (TeX Live 2015/Debian) (preloaded format=latex 2019.4.19)  19 APR 2019 19:19
entering extended mode
 restricted \write18 enabled.
 file:line:error style messages enabled.
 %&-line parsing enabled.
**ibn.tex
(./ibn.tex
LaTeX2e <2016/02/01>
Babel <3.9q> and hyphenation patterns for 81 language(s) loaded.
(/usr/share/texlive/texmf-dist/tex/latex/base/article.cls
Document Class: article 2014/09/29 v1.4h Standard LaTeX document class
(/usr/share/texlive/texmf-dist/tex/latex/base/size11.clo
File: size11.clo 2014/09/29 v1.4h Standard LaTeX file (size option)
)
\c@part=\count79
\c@section=\count80
\c@subsection=\count81
\c@subsubsection=\count82
\c@paragraph=\count83
\c@subparagraph=\count84
\c@figure=\count85
\c@table=\count86
\abovecaptionskip=\skip41
\belowcaptionskip=\skip42
\bibindent=\dimen102
)
(/usr/share/texlive/texmf-dist/tex/latex/ms/ragged2e.sty
Package: ragged2e 2009/05/21 v2.1 ragged2e Package (MS)

(/usr/share/texlive/texmf-dist/tex/latex/ms/everysel.sty
Package: everysel 2011/10/28 v1.2 EverySelectfont Package (MS)
)
(/usr/share/texlive/texmf-dist/tex/latex/footmisc/footmisc.sty
Package: footmisc 2011/06/06 v5.5b a miscellany of footnote facilities
\FN@temptoken=\toks14
\footnotemargin=\dimen103
\c@pp@next@reset=\count87
Package footmisc Info: Declaring symbol style bringhurst on input line 855.
Package footmisc Info: Declaring symbol style chicago on input line 863.
Package footmisc Info: Declaring symbol style wiley on input line 872.
Package footmisc Info: Declaring symbol style lamport-robust on input line 883.

Package footmisc Info: Declaring symbol style lamport* on input line 903.
Package footmisc Info: Declaring symbol style lamport*-robust on input line 924
.
)
\CenteringLeftskip=\skip43
\RaggedLeftLeftskip=\skip44
\RaggedRightLeftskip=\skip45
\CenteringRightskip=\skip46
\RaggedLeftRightskip=\skip47
\RaggedRightRightskip=\skip48
\CenteringParfillskip=\skip49
\RaggedLeftParfillskip=\skip50
\RaggedRightParfillskip=\skip51
\JustifyingParfillskip=\skip52
\CenteringParindent=\skip53
\RaggedLeftParindent=\skip54
\RaggedRightParindent=\skip55
\JustifyingParindent=\skip56
) (./ibn.aux)
\openout1 = `ibn.aux'.

LaTeX Font Info:    Checking defaults for OML/cmm/m/it on input line 19.
LaTeX Font Info:    ... okay on input line 19.
LaTeX Font Info:    Checking defaults for T1/cmr/m/n on input line 19.
LaTeX Font Info:    ... okay on input line 19.
LaTeX Font Info:    Checking defaults for OT1/cmr/m/n on input line 19.
LaTeX Font Info:    ... okay on input line 19.
LaTeX Font Info:    Checking defaults for OMS/cmsy/m/n on input line 19.
LaTeX Font Info:    ... okay on input line 19.
LaTeX Font Info:    Checking defaults for OMX/cmex/m/n on input line 19.
LaTeX Font Info:    ... okay on input line 19.
LaTeX Font Info:    Checking defaults for U/cmr/m/n on input line 19.
LaTeX Font Info:    ... okay on input line 19.
Package ragged2e Info: ABD: executing \RaggedRight on input line 19.

ABD: EverySelectfont initializing macros
LaTeX Info: Redefining \selectfont on input line 19.
LaTeX Font Info:    External font `cmex10' loaded for size
(Font)              <12> on input line 20.
LaTeX Font Info:    External font `cmex10' loaded for size
(Font)              <8> on input line 20.
LaTeX Font Info:    External font `cmex10' loaded for size
(Font)              <6> on input line 20.
 [1

] (./ibn.toc
Missing character: There is no Ã in font cmr10!
Missing character: There is no ¤ in font cmr10!
LaTeX Font Info:    External font `cmex10' loaded for size
(Font)              <10.95> on input line 2.
)
\tf@toc=\write3
\openout3 = `ibn.toc'.

 [2]
Underfull \hbox (badness 10000) in paragraph at lines 27--32
\OT1/cmr/m/n/10.95 Milchpump-maschinen ben^^?otigen ein Be-trieb-ssys-tem. 
 []


Underfull \hbox (badness 10000) in paragraph at lines 27--32
\OT1/cmr/m/n/10.95 Nun was ist ein Be-trieb-ssys-tem? 
 []


Underfull \hbox (badness 10000) in paragraph at lines 27--32
 
 []


Underfull \hbox (badness 2903) in paragraph at lines 33--41
[]\OT1/cmr/m/n/10.95 vereinfacht \OT1/cmr/bx/it/10.95 ``Ein Pro-gram, das im-me
r laufen muss'' \OT1/cmr/m/n/10.95 ?? 
 []


Underfull \hbox (badness 10000) in paragraph at lines 33--41
 
 []


Underfull \hbox (badness 2173) in paragraph at lines 33--41
\OT1/cmr/m/n/10.95 Eine richtige Def-i-ni-tion ist dies nicht, ein besserer ans
atz w^^?are 
 []


Underfull \hbox (badness 10000) in paragraph at lines 33--41
\OT1/cmr/bx/it/10.95 gram-men'' 
 []

Missing character: There is no Ã in font cmbx12!
Missing character: There is no ¤ in font cmbx12!

Underfull \hbox (badness 10000) in paragraph at lines 43--45
\OT1/cmr/m/n/10.95 Betrachten wir ein paar der bekan-ntesten Sys-teme 
 []


Underfull \hbox (badness 10000) in paragraph at lines 43--45
 
 []

LaTeX Font Info:    Try loading font information for OMS+cmr on input line 49.
(/usr/share/texlive/texmf-dist/tex/latex/base/omscmr.fd
File: omscmr.fd 2014/09/29 v2.5h Standard LaTeX font definitions
)
LaTeX Font Info:    Font shape `OMS/cmr/m/n' in size <10.95> not available
(Font)              Font shape `OMS/cmsy/m/n' tried instead on input line 49.
 [3]
Overfull \hbox (5.22852pt too wide) in paragraph at lines 78--88
[]\OT1/cmr/m/n/10.95 Rechner der Er-sten Gen-er-a-tion be-standen aus Re-lais u
nd Elek-tro-nenr^^?ohren, 
 []


Underfull \hbox (badness 10000) in paragraph at lines 78--88
\OT1/cmr/m/n/10.95 ein-ge-le-sen. 
 []


Underfull \hbox (badness 10000) in paragraph at lines 78--88
\OT1/cmr/m/n/10.95 ware wurde di-rekt ver-wen-det. 
 []


Underfull \hbox (badness 10000) in paragraph at lines 78--88
 
 []


Underfull \hbox (badness 10000) in paragraph at lines 92--95
\OT1/cmr/m/n/10.95 gte per um-stecken ver-schiedener Ka-bel. 
 []


Underfull \hbox (badness 10000) in paragraph at lines 92--95
 
 []

[4] (./ibn.aux) ) 
Here is how much of TeX's memory you used:
 445 strings out of 493030
 6159 string characters out of 6136260
 59727 words of memory out of 5000000
 4038 multiletter control sequences out of 15000+600000
 9170 words of font info for 32 fonts, out of 8000000 for 9000
 1141 hyphenation exceptions out of 8191
 23i,6n,22p,166b,185s stack positions out of 5000i,500n,10000p,200000b,80000s

Output written on ibn.dvi (4 pages, 5136 bytes).
